<?xml version="1.0" encoding="UTF-8"?>
<testsuite xmlns:xsi="http://www.w3.org/2001/XMLSchema-instance" xsi:noNamespaceSchemaLocation="https://maven.apache.org/surefire/maven-surefire-plugin/xsd/surefire-test-report-3.0.xsd" version="3.0" name="com.ventasia.controller.ScenarioControllerTest" time="6.2" tests="6" errors="0" skipped="0" failures="0">
  <properties>
[...]
</properties>
  <testcase name="createScenario_missingFields_returns400" classname="com.ventasia.controller.ScenarioControllerTest" time="0.387">
    <system-out><![CDATA[18:04:56.294 [main] INFO org.springframework.test.context.support.AnnotationConfigContextLoaderUtils -- Could not detect default configuration classes for test class [com.ventasia.controller.ScenarioControllerTest]: ScenarioControllerTest does not declare any static, non-private, non-final, nested classes annotated with @Configuration.
18:04:56.412 [main] INFO org.springframework.boot.test.context.SpringBootTestContextBootstrapper -- Found @SpringBootConfiguration com.ventasia.VentasIaApplication for test class com.ventasia.controller.ScenarioControllerTest

  .   ____          _            __ _ _
 /\\ / ___'_ __ _ _(_)_ __  __ _ \ \ \ \
( ( )\___ | '_ | '_| | '_ \/ _` | \ \ \ \
 \\/  ___)| |_)| | | | | || (_| |  ) ) ) )
  '  |____| .__|_| |_|_| |_\__, | / / / /
 =========|_|==============|___/=/_/_/_/

 :: Spring Boot ::                (v3.3.4)

2026-05-24T18:04:56.745-03:00  INFO 18456 --- [ventas-ia] [           main] c.v.controller.ScenarioControllerTest    : Starting ScenarioControllerTest using Java 21.0.2 with PID 18456 (started by nmgui in C:\Users\nmgui\Desktop\KONVERZA\konverza\spring-boot)
2026-05-24T18:04:56.745-03:00  INFO 18456 --- [ventas-ia] [           main] c.v.controller.ScenarioControllerTest    : The following 1 profile is active: "test"
2026-05-24T18:04:57.534-03:00  INFO 18456 --- [ventas-ia] [           main] .s.d.r.c.RepositoryConfigurationDelegate : Bootstrapping Spring Data JPA repositories in DEFAULT mode.
2026-05-24T18:04:57.651-03:00  INFO 18456 --- [ventas-ia] [           main] .s.d.r.c.RepositoryConfigurationDelegate : Finished Spring Data repository scanning in 106 ms. Found 6 JPA repository interfaces.
2026-05-24T18:04:58.292-03:00  INFO 18456 --- [ventas-ia] [           main] o.hibernate.jpa.internal.util.LogHelper  : HHH000204: Processing PersistenceUnitInfo [name: default]
2026-05-24T18:04:58.391-03:00  INFO 18456 --- [ventas-ia] [           main] org.hibernate.Version                    : HHH000412: Hibernate ORM core version 6.5.3.Final
2026-05-24T18:04:58.412-03:00  INFO 18456 --- [ventas-ia] [           main] o.h.c.internal.RegionFactoryInitiator    : HHH000026: Second-level cache disabled
2026-05-24T18:04:58.755-03:00  INFO 18456 --- [ventas-ia] [           main] o.s.o.j.p.SpringPersistenceUnitInfo      : No LoadTimeWeaver setup: ignoring JPA class transformer
2026-05-24T18:04:58.780-03:00  INFO 18456 --- [ventas-ia] [           main] com.zaxxer.hikari.HikariDataSource       : HikariPool-1 - Starting...
2026-05-24T18:04:58.907-03:00  INFO 18456 --- [ventas-ia] [           main] com.zaxxer.hikari.pool.HikariPool        : HikariPool-1 - Added connection conn0: url=jdbc:h2:mem:testdb user=SA
2026-05-24T18:04:58.907-03:00  INFO 18456 --- [ventas-ia] [           main] com.zaxxer.hikari.HikariDataSource       : HikariPool-1 - Start completed.
2026-05-24T18:04:58.927-03:00  WARN 18456 --- [ventas-ia] [           main] org.hibernate.orm.deprecation            : HHH90000025: H2Dialect does not need to be specified explicitly using 'hibernate.dialect' (remove the property setting and it will be selected by default)
2026-05-24T18:04:59.760-03:00  INFO 18456 --- [ventas-ia] [           main] o.h.e.t.j.p.i.JtaPlatformInitiator       : HHH000489: No JTA platform available (set 'hibernate.transaction.jta.platform' to enable JTA platform integration)
2026-05-24T18:04:59.792-03:00  INFO 18456 --- [ventas-ia] [           main] j.LocalContainerEntityManagerFactoryBean : Initialized JPA EntityManagerFactory for persistence unit 'default'
2026-05-24T18:05:01.439-03:00  INFO 18456 --- [ventas-ia] [           main] o.s.b.t.m.w.SpringBootMockServletContext : Initializing Spring TestDispatcherServlet ''
2026-05-24T18:05:01.439-03:00  INFO 18456 --- [ventas-ia] [           main] o.s.t.web.servlet.TestDispatcherServlet  : Initializing Servlet ''
2026-05-24T18:05:01.439-03:00  INFO 18456 --- [ventas-ia] [           main] o.s.t.web.servlet.TestDispatcherServlet  : Completed initialization in 0 ms
2026-05-24T18:05:01.480-03:00  INFO 18456 --- [ventas-ia] [           main] c.v.controller.ScenarioControllerTest    : Started ScenarioControllerTest in 4.945 seconds (process running for 5.764)
2026-05-24T18:05:01.755-03:00  INFO 18456 --- [ventas-ia] [           main] com.ventasia.seed.DataSeeder             : Cargando 4 escenarios de seed...
2026-05-24T18:05:01.785-03:00  INFO 18456 --- [ventas-ia] [           main] com.ventasia.seed.DataSeeder             : Escenarios de seed cargados correctamente.
2026-05-24T18:05:02.175-03:00  WARN 18456 --- [ventas-ia] [           main] .w.s.m.s.DefaultHandlerExceptionResolver : Resolved [org.springframework.web.bind.MethodArgumentNotValidException: Validation failed for argument [0] in public com.ventasia.entity.Scenario com.ventasia.controller.ScenarioController.create(com.ventasia.dto.ScenarioRequest) with 3 errors: [Field error in object 'scenarioRequest' on field 'name': rejected value [null]; codes [NotBlank.scenarioRequest.name,NotBlank.name,NotBlank.java.lang.String,NotBlank]; arguments [org.springframework.context.support.DefaultMessageSourceResolvable: codes [scenarioRequest.name,name]; arguments []; default message [name]]; default message [must not be blank]] [Field error in object 'scenarioRequest' on field 'clientPersona': rejected value [null]; codes [NotNull.scenarioRequest.clientPersona,NotNull.clientPersona,NotNull.com.ventasia.entity.Scenario$ClientPersona,NotNull]; arguments [org.springframework.context.support.DefaultMessageSourceResolvable: codes [scenarioRequest.clientPersona,clientPersona]; arguments []; default message [clientPersona]]; default message [must not be null]] [Field error in object 'scenarioRequest' on field 'difficulty': rejected value [null]; codes [NotNull.scenarioRequest.difficulty,NotNull.difficulty,NotNull.com.ventasia.entity.Scenario$Difficulty,NotNull]; arguments [org.springframework.context.support.DefaultMessageSourceResolvable: codes [scenarioRequest.difficulty,difficulty]; arguments []; default message [difficulty]]; default message [must not be null]] ]
]]></system-out>
    <system-err><![CDATA[WARNING: A Java agent has been loaded dynamically (C:\Users\nmgui\.m2\repository\net\bytebuddy\byte-buddy-agent\1.14.19\byte-buddy-agent-1.14.19.jar)
WARNING: If a serviceability tool is in use, please run with -XX:+EnableDynamicAgentLoading to hide this warning
WARNING: If a serviceability tool is not in use, please run with -Djdk.instrument.traceUsage for more information
WARNING: Dynamic loading of agents will be disallowed by default in a future release
]]></system-err>
  </testcase>
  <testcase name="listScenarios_returnsOk" classname="com.ventasia.controller.ScenarioControllerTest" time="0.037"/>
  <testcase name="getById_existingScenario_returnsOk" classname="com.ventasia.controller.ScenarioControllerTest" time="0.05"/>
  <testcase name="updateScenario_updatesName" classname="com.ventasia.controller.ScenarioControllerTest" time="0.021"/>
  <testcase name="deleteScenario_returns204" classname="com.ventasia.controller.ScenarioControllerTest" time="0.009"/>
  <testcase name="createScenario_returns201" classname="com.ventasia.controller.ScenarioControllerTest" time="0.049"/>
</testsuite>